<?xml version="1.0" encoding="UTF-8"?>
<!-- Generated by org.testng.reporters.JUnitReportReporter -->
<testsuite hostname="HP" failures="0" tests="3" name="org.sdet40.practice.AssertionPractice" time="0.005" errors="0" timestamp="2022-09-12T16:37:45 IST" skipped="0">
  <testcase classname="org.sdet40.practice.AssertionPractice" name="test2" time="0.002"/>
  <system-out>
    <![CDATA[test 2]]>
  </system-out>
  <testcase classname="org.sdet40.practice.AssertionPractice" name="test1" time="0.002"/>
  <system-out>
    <![CDATA[test 1]]>
  </system-out>
  <testcase classname="org.sdet40.practice.AssertionPractice" name="test3" time="0.001"/>
  <system-out>
    <![CDATA[test 3]]>
  </system-out>
</testsuite> <!-- org.sdet40.practice.AssertionPractice -->
