<?xml version="1.0" encoding="UTF-8"?>
<!-- Generated by org.testng.reporters.JUnitReportReporter -->
<testsuite hostname="HP" failures="0" tests="2" name="org.sdet40.practice.TestNGPractice3Test" time="0.011" errors="0" timestamp="2022-09-15T17:07:03 IST" skipped="0">
  <testcase classname="org.sdet40.practice.TestNGPractice3Test" name="step1Test" time="0.003"/>
  <system-out/>
  <testcase classname="org.sdet40.practice.TestNGPractice3Test" name="step1Test" time="0.008"/>
  <system-out/>
</testsuite> <!-- org.sdet40.practice.TestNGPractice3Test -->
