<?xml version="1.0" encoding="UTF-8"?>
<!-- Generated by org.testng.reporters.JUnitReportReporter -->
<testsuite hostname="HP" failures="0" tests="1" name="org.vtiger.contacts.CreateContactsTest" time="121.438" errors="0" timestamp="2022-09-29T16:20:54 IST" skipped="0">
  <testcase classname="org.vtiger.contacts.CreateContactsTest" name="createContactsTest" time="121.438"/>
  <system-out/>
</testsuite> <!-- org.vtiger.contacts.CreateContactsTest -->
