<?xml version="1.0" encoding="UTF-8"?>
<!-- Generated by org.testng.reporters.JUnitReportReporter -->
<testsuite hostname="HP" failures="0" tests="1" name="org.vtiger.organization.CreateOrganizationTest" time="14.680" errors="0" timestamp="2022-09-28T10:57:15 IST" skipped="0">
  <testcase classname="org.vtiger.organization.CreateOrganizationTest" name="createOrganizationTest" time="14.680"/>
  <system-out/>
</testsuite> <!-- org.vtiger.organization.CreateOrganizationTest -->
