<?xml version="1.0" encoding="UTF-8"?>
<!-- Generated by org.testng.reporters.JUnitReportReporter -->
<testsuite hostname="HP" failures="0" tests="1" name="org.sdet40.practice.DownloadInWorkspace" time="15.980" errors="0" timestamp="2022-09-30T17:57:49 IST" skipped="0">
  <testcase classname="org.sdet40.practice.DownloadInWorkspace" name="download" time="15.980"/>
  <system-out/>
</testsuite> <!-- org.sdet40.practice.DownloadInWorkspace -->
