<?xml version="1.0" encoding="UTF-8"?>
<!-- Generated by org.testng.reporters.JUnitReportReporter -->
<testsuite hostname="HP" failures="0" tests="1" name="org.sdet40.practice.ScreenshotPractice" time="18.171" errors="0" timestamp="2022-09-15T18:12:39 IST" skipped="0">
  <testcase classname="org.sdet40.practice.ScreenshotPractice" name="screenShot1" time="18.171"/>
  <system-out/>
</testsuite> <!-- org.sdet40.practice.ScreenshotPractice -->
