<?xml version="1.0" encoding="UTF-8"?>
<!-- Generated by org.testng.reporters.JUnitReportReporter -->
<testsuite hostname="HP" failures="0" tests="2" name="org.sdet40.practice.TestNGPracticeTest" time="0.005" errors="0" timestamp="2022-09-08T15:49:03 IST" skipped="0">
  <testcase classname="org.sdet40.practice.TestNGPracticeTest" name="step1Test" time="0.002"/>
  <system-out/>
  <testcase classname="org.sdet40.practice.TestNGPracticeTest" name="sTep2Test" time="0.003"/>
  <system-out/>
</testsuite> <!-- org.sdet40.practice.TestNGPracticeTest -->
