<?xml version="1.0" encoding="UTF-8"?>
<!-- Generated by org.testng.reporters.JUnitReportReporter -->
<testsuite hostname="HP" failures="0" tests="1" name="org.vtiger.organization.CreateOrganizationWithIndustryAndTypeTest" time="58.871" errors="0" timestamp="2022-09-12T17:11:59 IST" skipped="0">
  <testcase classname="org.vtiger.organization.CreateOrganizationWithIndustryAndTypeTest" name="createOrganizationWithIndustryAndTypeTest" time="58.871"/>
  <system-out/>
</testsuite> <!-- org.vtiger.organization.CreateOrganizationWithIndustryAndTypeTest -->
