<?xml version="1.0" encoding="UTF-8"?>
<!-- Generated by org.testng.reporters.JUnitReportReporter -->
<testsuite hostname="HP" failures="0" tests="1" name="org.sdet40.practice.ShadowElements" time="4.864" errors="0" timestamp="2022-09-29T18:07:28 IST" skipped="0">
  <testcase classname="org.sdet40.practice.ShadowElements" name="shadowEle" time="4.864"/>
  <system-out/>
</testsuite> <!-- org.sdet40.practice.ShadowElements -->
