<?xml version="1.0" encoding="UTF-8"?>
<!-- Generated by org.testng.reporters.JUnitReportReporter -->
<testsuite hostname="HP" failures="0" tests="1" name="org.sdet40.practice.ExtentReportPractice" time="0.908" errors="0" timestamp="2022-09-14T16:02:31 IST" skipped="0">
  <testcase classname="org.sdet40.practice.ExtentReportPractice" name="report" time="0.908"/>
  <system-out/>
</testsuite> <!-- org.sdet40.practice.ExtentReportPractice -->
