<?xml version="1.0" encoding="UTF-8"?>
<!-- Generated by org.testng.reporters.JUnitReportReporter -->
<testsuite hostname="HP" failures="0" tests="1" name="org.sdet40.practice.MavenPractice2Test" time="2.615" errors="0" timestamp="2022-09-20T11:09:09 IST" skipped="0">
  <testcase classname="org.sdet40.practice.MavenPractice2Test" name="step1Test" time="2.615"/>
  <system-out/>
</testsuite> <!-- org.sdet40.practice.MavenPractice2Test -->
