<?xml version="1.0" encoding="UTF-8"?>
<!-- Generated by org.testng.reporters.JUnitReportReporter -->
<testsuite hostname="HP" failures="0" tests="3" name="org.sdet40.practice.GridExamples" time="100.061" errors="0" timestamp="2022-09-29T11:15:56 IST" skipped="0">
  <testcase classname="org.sdet40.practice.GridExamples" name="test1" time="33.899"/>
  <system-out/>
  <testcase classname="org.sdet40.practice.GridExamples" name="test1" time="33.082"/>
  <system-out/>
  <testcase classname="org.sdet40.practice.GridExamples" name="test1" time="33.080"/>
  <system-out/>
</testsuite> <!-- org.sdet40.practice.GridExamples -->
