<?xml version="1.0" encoding="UTF-8"?>
<!-- Generated by org.testng.reporters.JUnitReportReporter -->
<testsuite hostname="HP" failures="0" tests="2" name="org.sdet40.practice.BasicConfigAnnotationPracticeTest" time="0.003" errors="0" timestamp="2022-09-08T17:43:32 IST" skipped="0">
  <testcase classname="org.sdet40.practice.BasicConfigAnnotationPracticeTest" name="test1" time="0.000"/>
  <system-out/>
  <testcase classname="org.sdet40.practice.BasicConfigAnnotationPracticeTest" name="test1" time="0.003"/>
  <system-out/>
</testsuite> <!-- org.sdet40.practice.BasicConfigAnnotationPracticeTest -->
