<?xml version="1.0" encoding="UTF-8"?>
<!-- Generated by org.testng.reporters.JUnitReportReporter -->
<testsuite hostname="HP" failures="0" tests="4" name="org.sdet40.practice.TestNGPractice4Test" time="0.029" errors="0" timestamp="2022-09-15T17:02:45 IST" skipped="0">
  <testcase classname="org.sdet40.practice.TestNGPractice4Test" name="sTep2Test" time="0.014"/>
  <system-out/>
  <testcase classname="org.sdet40.practice.TestNGPractice4Test" name="sTep2Test" time="0.007"/>
  <system-out/>
  <testcase classname="org.sdet40.practice.TestNGPractice4Test" name="step1Test" time="0.004"/>
  <system-out/>
  <testcase classname="org.sdet40.practice.TestNGPractice4Test" name="step1Test" time="0.004"/>
  <system-out/>
</testsuite> <!-- org.sdet40.practice.TestNGPractice4Test -->
