<?xml version="1.0" encoding="UTF-8"?>
<!-- Generated by org.testng.reporters.JUnitReportReporter -->
<testsuite hostname="HP" failures="0" tests="2" name="org.sdet40.practice.TestNGPractice2Test" time="0.012" errors="0" timestamp="2022-09-15T17:07:03 IST" skipped="0">
  <testcase classname="org.sdet40.practice.TestNGPractice2Test" name="step1Test" time="0.010"/>
  <system-out/>
  <testcase classname="org.sdet40.practice.TestNGPractice2Test" name="step1Test" time="0.002"/>
  <system-out/>
</testsuite> <!-- org.sdet40.practice.TestNGPractice2Test -->
