<?xml version="1.0" encoding="UTF-8"?>
<!-- Generated by org.testng.reporters.JUnitReportReporter -->
<testsuite hostname="HP" failures="0" tests="16" name="org.sdet40.practice.TestNGPractice1Test" time="0.042" errors="0" timestamp="2022-09-15T17:02:45 IST" skipped="0">
  <testcase classname="org.sdet40.practice.TestNGPractice1Test" name="step2Test" time="0.008"/>
  <system-out/>
  <testcase classname="org.sdet40.practice.TestNGPractice1Test" name="step2Test" time="0.001"/>
  <system-out/>
  <testcase classname="org.sdet40.practice.TestNGPractice1Test" name="step2Test" time="0.003"/>
  <system-out/>
  <testcase classname="org.sdet40.practice.TestNGPractice1Test" name="step2Test" time="0.001"/>
  <system-out/>
  <testcase classname="org.sdet40.practice.TestNGPractice1Test" name="step2Test" time="0.002"/>
  <system-out/>
  <testcase classname="org.sdet40.practice.TestNGPractice1Test" name="step2Test" time="0.001"/>
  <system-out/>
  <testcase classname="org.sdet40.practice.TestNGPractice1Test" name="step2Test" time="0.004"/>
  <system-out/>
  <testcase classname="org.sdet40.practice.TestNGPractice1Test" name="step2Test" time="0.002"/>
  <system-out/>
  <testcase classname="org.sdet40.practice.TestNGPractice1Test" name="step2Test" time="0.001"/>
  <system-out/>
  <testcase classname="org.sdet40.practice.TestNGPractice1Test" name="step2Test" time="0.001"/>
  <system-out/>
  <testcase classname="org.sdet40.practice.TestNGPractice1Test" name="step2Test" time="0.004"/>
  <system-out/>
  <testcase classname="org.sdet40.practice.TestNGPractice1Test" name="step2Test" time="0.002"/>
  <system-out/>
  <testcase classname="org.sdet40.practice.TestNGPractice1Test" name="step2Test" time="0.001"/>
  <system-out/>
  <testcase classname="org.sdet40.practice.TestNGPractice1Test" name="step2Test" time="0.003"/>
  <system-out/>
  <testcase classname="org.sdet40.practice.TestNGPractice1Test" name="step2Test" time="0.003"/>
  <system-out/>
  <testcase classname="org.sdet40.practice.TestNGPractice1Test" name="step2Test" time="0.005"/>
  <system-out/>
</testsuite> <!-- org.sdet40.practice.TestNGPractice1Test -->
