<?xml version="1.0" encoding="UTF-8"?>
<!-- Generated by org.testng.reporters.JUnitReportReporter -->
<testsuite hostname="HP" name="org.sdet40.practice.TestNGPractice1Test" tests="16" failures="0" timestamp="19 Sep 2022 12:19:38 GMT" time="0.022" errors="0">
  <testcase name="step2Test" time="0.002" classname="org.sdet40.practice.TestNGPractice1Test"/>
  <testcase name="step2Test" time="0.002" classname="org.sdet40.practice.TestNGPractice1Test"/>
  <testcase name="step2Test" time="0.007" classname="org.sdet40.practice.TestNGPractice1Test"/>
  <testcase name="step2Test" time="0.000" classname="org.sdet40.practice.TestNGPractice1Test"/>
  <testcase name="step2Test" time="0.004" classname="org.sdet40.practice.TestNGPractice1Test"/>
  <testcase name="step2Test" time="0.000" classname="org.sdet40.practice.TestNGPractice1Test"/>
  <testcase name="step2Test" time="0.000" classname="org.sdet40.practice.TestNGPractice1Test"/>
  <testcase name="step2Test" time="0.000" classname="org.sdet40.practice.TestNGPractice1Test"/>
  <testcase name="step2Test" time="0.001" classname="org.sdet40.practice.TestNGPractice1Test"/>
  <testcase name="step2Test" time="0.001" classname="org.sdet40.practice.TestNGPractice1Test"/>
  <testcase name="step2Test" time="0.001" classname="org.sdet40.practice.TestNGPractice1Test"/>
  <testcase name="step2Test" time="0.000" classname="org.sdet40.practice.TestNGPractice1Test"/>
  <testcase name="step2Test" time="0.001" classname="org.sdet40.practice.TestNGPractice1Test"/>
  <testcase name="step2Test" time="0.001" classname="org.sdet40.practice.TestNGPractice1Test"/>
  <testcase name="step2Test" time="0.001" classname="org.sdet40.practice.TestNGPractice1Test"/>
  <testcase name="step2Test" time="0.001" classname="org.sdet40.practice.TestNGPractice1Test"/>
</testsuite> <!-- org.sdet40.practice.TestNGPractice1Test -->
