<?xml version="1.0" encoding="UTF-8"?>
<!-- Generated by org.testng.reporters.JUnitReportReporter -->
<testsuite hostname="HP" name="org.sdet40.practice.TestNGPractice3Test" tests="2" failures="0" timestamp="19 Sep 2022 12:19:57 GMT" time="0.003" errors="0">
  <testcase name="step1Test" time="0.000" classname="org.sdet40.practice.TestNGPractice3Test"/>
  <testcase name="step1Test" time="0.003" classname="org.sdet40.practice.TestNGPractice3Test"/>
</testsuite> <!-- org.sdet40.practice.TestNGPractice3Test -->
